0 info it worked if it ends with ok
1 verbose cli [ '/Users/daverevere/.nvm/versions/node/v4.0.0/bin/node',
1 verbose cli   '/Users/daverevere/.nvm/versions/node/v4.0.0/bin/npm',
1 verbose cli   'start' ]
2 info using npm@3.7.3
3 info using node@v4.0.0
4 verbose run-script [ 'prestart', 'start', 'poststart' ]
5 info lifecycle showmetheecon@1.0.0~prestart: showmetheecon@1.0.0
6 silly lifecycle showmetheecon@1.0.0~prestart: no script for prestart, continuing
7 info lifecycle showmetheecon@1.0.0~start: showmetheecon@1.0.0
8 verbose lifecycle showmetheecon@1.0.0~start: unsafe-perm in lifecycle true
9 verbose lifecycle showmetheecon@1.0.0~start: PATH: /Users/daverevere/.nvm/versions/node/v4.0.0/lib/node_modules/npm/bin/node-gyp-bin:/Users/daverevere/repo/econ/showMeTheEcon/node_modules/.bin:/Users/daverevere/.nvm/versions/node/v4.0.0/bin:/Users/daverevere/.nvm/versions/node/v4.0.0/bin:/Users/daverevere/bin:/Users/daverevere/bin:/usr/local/bin:/usr/bin:/bin:/usr/sbin:/sbin
10 verbose lifecycle showmetheecon@1.0.0~start: CWD: /Users/daverevere/repo/econ/showMeTheEcon
11 silly lifecycle showmetheecon@1.0.0~start: Args: [ '-c', 'express index.js' ]
12 info lifecycle showmetheecon@1.0.0~start: Failed to exec start script
13 verbose stack Error: showmetheecon@1.0.0 start: `express index.js`
13 verbose stack spawn ENOENT
13 verbose stack     at ChildProcess.<anonymous> (/Users/daverevere/.nvm/versions/node/v4.0.0/lib/node_modules/npm/lib/utils/spawn.js:17:16)
13 verbose stack     at emitTwo (events.js:87:13)
13 verbose stack     at ChildProcess.emit (events.js:172:7)
13 verbose stack     at maybeClose (internal/child_process.js:817:16)
13 verbose stack     at Process.ChildProcess._handle.onexit (internal/child_process.js:211:5)
14 verbose pkgid showmetheecon@1.0.0
15 verbose cwd /Users/daverevere/repo/econ/showMeTheEcon
16 error Darwin 15.2.0
17 error argv "/Users/daverevere/.nvm/versions/node/v4.0.0/bin/node" "/Users/daverevere/.nvm/versions/node/v4.0.0/bin/npm" "start"
18 error node v4.0.0
19 error npm  v3.7.3
20 error file sh
21 error code ELIFECYCLE
22 error errno ENOENT
23 error syscall spawn
24 error showmetheecon@1.0.0 start: `express index.js`
24 error spawn ENOENT
25 error Failed at the showmetheecon@1.0.0 start script 'express index.js'.
25 error Make sure you have the latest version of node.js and npm installed.
25 error If you do, this is most likely a problem with the showmetheecon package,
25 error not with npm itself.
25 error Tell the author that this fails on your system:
25 error     express index.js
25 error You can get information on how to open an issue for this project with:
25 error     npm bugs showmetheecon
25 error Or if that isn't available, you can get their info via:
25 error     npm owner ls showmetheecon
25 error There is likely additional logging output above.
26 verbose exit [ 1, true ]
